<?xml version="1.0" encoding="UTF-8"?>
<EntitiesDescriptor xmlns="urn:oasis:names:tc:SAML:2.0:metadata" xmlns:ds="http://www.w3.org/2000/09/xmldsig#" xmlns:shibmd="urn:mace:shibboleth:metadata:1.0" xmlns:xsi="http://www.w3.org/2001/XMLSchema-instance" ID="invalid-xml" Name="invalid" xsi:schemaLocation="urn:oasis:names:tc:SAML:2.0:metadata sstc-saml-schema-metadata-2.0.xsd urn:mace:shibboleth:metadata:1.0 shibboleth-metadata-1.0.xsd http://www.w3.org/2000/09/xmldsig# xmldsig-core-schema.xsd">
  <EntityDescriptor xmlns="urn:oasis:names:tc:SAML:2.0:metadata" ID="_0c084ef6-3a2a-4319-9bd6-33f6f3d0e154" entityID="https://adfs.org/adfs/services/trust/">
